<?xml version="1.0" encoding="UTF-8"?>
<testng-results ignored="0" total="1" passed="1" failed="0" skipped="0">
  <reporter-output>
  </reporter-output>
  <suite started-at="2023-12-28T17:12:10 EET" name="Surefire suite" finished-at="2023-12-28T17:12:27 EET" duration-ms="17420">
    <groups>
    </groups>
    <test started-at="2023-12-28T17:12:10 EET" name="Surefire test" finished-at="2023-12-28T17:12:27 EET" duration-ms="17420">
      <class name="CreateOrderTest">
        <test-method is-config="true" signature="setUp()[pri:0, instance:CreateOrderTest@27f981c6]" started-at="2023-12-28T17:12:10 EET" name="setUp" finished-at="2023-12-28T17:12:21 EET" duration-ms="11005" status="PASS">
          <reporter-output>
          </reporter-output>
        </test-method> <!-- setUp -->
        <test-method signature="testCreateOrder()[pri:0, instance:CreateOrderTest@27f981c6]" started-at="2023-12-28T17:12:21 EET" name="testCreateOrder" finished-at="2023-12-28T17:12:27 EET" duration-ms="6310" status="PASS">
          <reporter-output>
          </reporter-output>
        </test-method> <!-- testCreateOrder -->
      </class> <!-- CreateOrderTest -->
    </test> <!-- Surefire test -->
  </suite> <!-- Surefire suite -->
</testng-results>
